(327680, 2000, 3)
Velo and Acce Ready
Database shape ok, continuing...
Taking entire dataset, None samples
Converting database to fortran order
 From fortran: tau_index=                    1
 From fortran: tau_index=                    2
 From fortran: tau_index=                    3
 From fortran: tau_index=                    4
 From fortran: tau_index=                    5
 From fortran: tau_index=                    6
 From fortran: tau_index=                    7
 From fortran: tau_index=                    8
 From fortran: tau_index=                    9
 From fortran: tau_index=                   10
 From fortran: tau_index=                   11
 From fortran: tau_index=                   12
 From fortran: tau_index=                   13
 From fortran: tau_index=                   14
 From fortran: tau_index=                   15
 From fortran: tau_index=                   16
 From fortran: tau_index=                   17
 From fortran: tau_index=                   18
 From fortran: tau_index=                   19
 From fortran: tau_index=                   20
 From fortran: tau_index=                   21
 From fortran: tau_index=                   22
 From fortran: tau_index=                   23
 From fortran: tau_index=                   24
 From fortran: tau_index=                   25
 From fortran: tau_index=                   26
 From fortran: tau_index=                   27
 From fortran: tau_index=                   28
 From fortran: tau_index=                   29
 From fortran: tau_index=                   30
 From fortran: tau_index=                   31
 From fortran: tau_index=                   32
 From fortran: tau_index=                   33
 From fortran: tau_index=                   34
 Done.
